  Camera.cpp
e:\github\c++\gameframework\opengl\opengl\node.h(2): fatal error C1083: 无法打开包括文件: “glm\glm.hpp”: No such file or directory
  Cube.cpp
e:\github\c++\gameframework\opengl\opengl\node.h(2): fatal error C1083: 无法打开包括文件: “glm\glm.hpp”: No such file or directory
  Direct.cpp
e:\github\c++\gameframework\opengl\opengl\shader.h(2): fatal error C1083: 无法打开包括文件: “glad\glad.h”: No such file or directory
  main.cpp
e:\github\c++\gameframework\opengl\opengl\main.cpp(2): fatal error C1083: 无法打开包括文件: “glad/glad.h”: No such file or directory
  Mesh.cpp
e:\github\c++\gameframework\opengl\opengl\mesh.h(2): fatal error C1083: 无法打开包括文件: “glm/glm.hpp”: No such file or directory
  Model.cpp
e:\github\c++\gameframework\opengl\opengl\shader.h(2): fatal error C1083: 无法打开包括文件: “glad\glad.h”: No such file or directory
  Node.cpp
e:\github\c++\gameframework\opengl\opengl\node.h(2): fatal error C1083: 无法打开包括文件: “glm\glm.hpp”: No such file or directory
  Node2D.cpp
e:\github\c++\gameframework\opengl\opengl\node.h(2): fatal error C1083: 无法打开包括文件: “glm\glm.hpp”: No such file or directory
  Node3D.cpp
e:\github\c++\gameframework\opengl\opengl\node.h(2): fatal error C1083: 无法打开包括文件: “glm\glm.hpp”: No such file or directory
  OrthographicCamera.cpp
e:\github\c++\gameframework\opengl\opengl\node.h(2): fatal error C1083: 无法打开包括文件: “glm\glm.hpp”: No such file or directory
  PerspectiveCamera.cpp
e:\github\c++\gameframework\opengl\opengl\node.h(2): fatal error C1083: 无法打开包括文件: “glm\glm.hpp”: No such file or directory
  Loader.cpp
e:\github\c++\gameframework\opengl\opengl\shader.h(2): fatal error C1083: 无法打开包括文件: “glad\glad.h”: No such file or directory
  Render.cpp
e:\github\c++\gameframework\opengl\opengl\shader.h(2): fatal error C1083: 无法打开包括文件: “glad\glad.h”: No such file or directory
  Shader.cpp
e:\github\c++\gameframework\opengl\opengl\shader.h(2): fatal error C1083: 无法打开包括文件: “glad\glad.h”: No such file or directory
  Sprite2D.cpp
e:\github\c++\gameframework\opengl\opengl\shader.h(2): fatal error C1083: 无法打开包括文件: “glad\glad.h”: No such file or directory
  stb_image.cpp
  Texture2D.cpp
e:\github\c++\gameframework\opengl\opengl\texture2d.h(2): fatal error C1083: 无法打开包括文件: “glad\glad.h”: No such file or directory
